[21:31:04] [Server thread/INFO]: Starting minecraft server version 1.11.2
[21:31:04] [Server thread/INFO]: Loading properties
[21:31:04] [Server thread/INFO]: Default game type: SURVIVAL
[21:31:04] [Server thread/INFO]: This server is running CraftBukkit version git-Spigot-96235ab-2aa5ac6 (MC: 1.11.2) (Implementing API version 1.11.2-R0.1-SNAPSHOT)
[21:31:04] [Server thread/INFO]: Debug logging is disabled
[21:31:04] [Server thread/INFO]: Using 4 threads for Netty based IO
[21:31:04] [Server thread/INFO]: Server Ping Player Sample Count: 12
[21:31:04] [Server thread/INFO]: Generating keypair
[21:31:04] [Server thread/INFO]: Starting Minecraft server on *:25565
[21:31:04] [Server thread/INFO]: Using default channel type
[21:31:04] [Server thread/INFO]: Set PluginClassLoader as parallel capable
[21:31:04] [Server thread/INFO]: [GlobalRep] Loading GlobalRep v0.8
[21:31:04] [Server thread/INFO]: **** Beginning UUID conversion, this may take A LONG time ****
[21:31:04] [Server thread/INFO]: Preparing level "world"
[21:31:05] [Server thread/INFO]: -------- World Settings For [world] --------
[21:31:05] [Server thread/INFO]: View Distance: 10
[21:31:05] [Server thread/INFO]: Allow Zombie Pigmen to spawn from portal blocks: true
[21:31:05] [Server thread/INFO]: Arrow Despawn Rate: 1200
[21:31:05] [Server thread/INFO]: Item Merge Radius: 2.5
[21:31:05] [Server thread/INFO]: Item Despawn Rate: 6000
[21:31:05] [Server thread/INFO]: Mob Spawn Range: 4
[21:31:05] [Server thread/INFO]: Zombie Aggressive Towards Villager: true
[21:31:05] [Server thread/INFO]: Custom Map Seeds:  Village: 10387312 Feature: 14357617 Monument: 10387313 Slime: 987234911
[21:31:05] [Server thread/INFO]: Nerfing mobs spawned from spawners: false
[21:31:05] [Server thread/INFO]: Experience Merge Radius: 3.0
[21:31:05] [Server thread/INFO]: Entity Activation Range: An 32 / Mo 32 / Mi 16
[21:31:05] [Server thread/INFO]: Hopper Transfer: 8 Hopper Check: 1 Hopper Amount: 1
[21:31:05] [Server thread/INFO]: Cactus Growth Modifier: 100%
[21:31:05] [Server thread/INFO]: Cane Growth Modifier: 100%
[21:31:05] [Server thread/INFO]: Melon Growth Modifier: 100%
[21:31:05] [Server thread/INFO]: Mushroom Growth Modifier: 100%
[21:31:05] [Server thread/INFO]: Pumpkin Growth Modifier: 100%
[21:31:05] [Server thread/INFO]: Sapling Growth Modifier: 100%
[21:31:05] [Server thread/INFO]: Wheat Growth Modifier: 100%
[21:31:05] [Server thread/INFO]: NetherWart Growth Modifier: 100%
[21:31:05] [Server thread/INFO]: Vine Growth Modifier: 100%
[21:31:05] [Server thread/INFO]: Cocoa Growth Modifier: 100%
[21:31:05] [Server thread/INFO]: Entity Tracking Range: Pl 48 / An 48 / Mo 48 / Mi 32 / Other 64
[21:31:05] [Server thread/INFO]: Random Lighting Updates: false
[21:31:05] [Server thread/INFO]: Structure Info Saving: true
[21:31:05] [Server thread/INFO]: Max TNT Explosions: 100
[21:31:05] [Server thread/INFO]: Tile Max Tick Time: 50ms Entity max Tick Time: 50ms
[21:31:05] [Server thread/INFO]: -------- World Settings For [world_nether] --------
[21:31:05] [Server thread/INFO]: View Distance: 10
[21:31:05] [Server thread/INFO]: Allow Zombie Pigmen to spawn from portal blocks: true
[21:31:05] [Server thread/INFO]: Arrow Despawn Rate: 1200
[21:31:05] [Server thread/INFO]: Item Merge Radius: 2.5
[21:31:05] [Server thread/INFO]: Item Despawn Rate: 6000
[21:31:05] [Server thread/INFO]: Mob Spawn Range: 4
[21:31:05] [Server thread/INFO]: Zombie Aggressive Towards Villager: true
[21:31:05] [Server thread/INFO]: Custom Map Seeds:  Village: 10387312 Feature: 14357617 Monument: 10387313 Slime: 987234911
[21:31:05] [Server thread/INFO]: Nerfing mobs spawned from spawners: false
[21:31:05] [Server thread/INFO]: Experience Merge Radius: 3.0
[21:31:05] [Server thread/INFO]: Entity Activation Range: An 32 / Mo 32 / Mi 16
[21:31:05] [Server thread/INFO]: Hopper Transfer: 8 Hopper Check: 1 Hopper Amount: 1
[21:31:05] [Server thread/INFO]: Cactus Growth Modifier: 100%
[21:31:05] [Server thread/INFO]: Cane Growth Modifier: 100%
[21:31:05] [Server thread/INFO]: Melon Growth Modifier: 100%
[21:31:05] [Server thread/INFO]: Mushroom Growth Modifier: 100%
[21:31:05] [Server thread/INFO]: Pumpkin Growth Modifier: 100%
[21:31:05] [Server thread/INFO]: Sapling Growth Modifier: 100%
[21:31:05] [Server thread/INFO]: Wheat Growth Modifier: 100%
[21:31:05] [Server thread/INFO]: NetherWart Growth Modifier: 100%
[21:31:05] [Server thread/INFO]: Vine Growth Modifier: 100%
[21:31:05] [Server thread/INFO]: Cocoa Growth Modifier: 100%
[21:31:05] [Server thread/INFO]: Entity Tracking Range: Pl 48 / An 48 / Mo 48 / Mi 32 / Other 64
[21:31:05] [Server thread/INFO]: Random Lighting Updates: false
[21:31:05] [Server thread/INFO]: Structure Info Saving: true
[21:31:05] [Server thread/INFO]: Max TNT Explosions: 100
[21:31:05] [Server thread/INFO]: Tile Max Tick Time: 50ms Entity max Tick Time: 50ms
[21:31:05] [Server thread/INFO]: -------- World Settings For [world_the_end] --------
[21:31:05] [Server thread/INFO]: View Distance: 10
[21:31:05] [Server thread/INFO]: Allow Zombie Pigmen to spawn from portal blocks: true
[21:31:05] [Server thread/INFO]: Arrow Despawn Rate: 1200
[21:31:05] [Server thread/INFO]: Item Merge Radius: 2.5
[21:31:05] [Server thread/INFO]: Item Despawn Rate: 6000
[21:31:05] [Server thread/INFO]: Mob Spawn Range: 4
[21:31:05] [Server thread/INFO]: Zombie Aggressive Towards Villager: true
[21:31:05] [Server thread/INFO]: Custom Map Seeds:  Village: 10387312 Feature: 14357617 Monument: 10387313 Slime: 987234911
[21:31:05] [Server thread/INFO]: Nerfing mobs spawned from spawners: false
[21:31:05] [Server thread/INFO]: Experience Merge Radius: 3.0
[21:31:05] [Server thread/INFO]: Entity Activation Range: An 32 / Mo 32 / Mi 16
[21:31:05] [Server thread/INFO]: Hopper Transfer: 8 Hopper Check: 1 Hopper Amount: 1
[21:31:05] [Server thread/INFO]: Cactus Growth Modifier: 100%
[21:31:05] [Server thread/INFO]: Cane Growth Modifier: 100%
[21:31:05] [Server thread/INFO]: Melon Growth Modifier: 100%
[21:31:05] [Server thread/INFO]: Mushroom Growth Modifier: 100%
[21:31:05] [Server thread/INFO]: Pumpkin Growth Modifier: 100%
[21:31:05] [Server thread/INFO]: Sapling Growth Modifier: 100%
[21:31:05] [Server thread/INFO]: Wheat Growth Modifier: 100%
[21:31:05] [Server thread/INFO]: NetherWart Growth Modifier: 100%
[21:31:05] [Server thread/INFO]: Vine Growth Modifier: 100%
[21:31:05] [Server thread/INFO]: Cocoa Growth Modifier: 100%
[21:31:05] [Server thread/INFO]: Entity Tracking Range: Pl 48 / An 48 / Mo 48 / Mi 32 / Other 64
[21:31:05] [Server thread/INFO]: Random Lighting Updates: false
[21:31:05] [Server thread/INFO]: Structure Info Saving: true
[21:31:05] [Server thread/INFO]: Max TNT Explosions: 100
[21:31:05] [Server thread/INFO]: Tile Max Tick Time: 50ms Entity max Tick Time: 50ms
[21:31:05] [Server thread/INFO]: Preparing start region for level 0 (Seed: -7458399325931830546)
[21:31:06] [Server thread/INFO]: Preparing start region for level 1 (Seed: -7458399325931830546)
[21:31:06] [Server thread/INFO]: Preparing start region for level 2 (Seed: -7458399325931830546)
[21:31:06] [Server thread/INFO]: [GlobalRep] Enabling GlobalRep v0.8
[21:31:06] [Server thread/INFO]: Done (1.847s)! For help, type "help" or "?"
[21:31:14] [User Authenticator #1/INFO]: UUID of player legit_craft is 2c2a05d9-6f3e-4d8b-9bf8-1ac6805ff065
[21:31:14] [Server thread/INFO]: legit_craft[/127.0.0.1:53506] logged in with entity id 116 at ([world]128.39831174956078, 81.0, 333.2623718998992)
[21:31:23] [Server thread/INFO]: legit_craft issued server command: /rep fire_tick positive cool
[21:31:23] [Server thread/WARN]: java.sql.SQLException: Illegal operation on empty result set.
[21:31:23] [Server thread/WARN]: 	at com.mysql.jdbc.SQLError.createSQLException(SQLError.java:964)
[21:31:23] [Server thread/WARN]: 	at com.mysql.jdbc.SQLError.createSQLException(SQLError.java:897)
[21:31:23] [Server thread/WARN]: 	at com.mysql.jdbc.SQLError.createSQLException(SQLError.java:886)
[21:31:23] [Server thread/WARN]: 	at com.mysql.jdbc.SQLError.createSQLException(SQLError.java:860)
[21:31:23] [Server thread/WARN]: 	at com.mysql.jdbc.ResultSetImpl.checkRowPos(ResultSetImpl.java:790)
[21:31:23] [Server thread/WARN]: 	at com.mysql.jdbc.ResultSetImpl.getInt(ResultSetImpl.java:2472)
[21:31:23] [Server thread/WARN]: 	at com.mysql.jdbc.ResultSetImpl.getInt(ResultSetImpl.java:2572)
[21:31:23] [Server thread/WARN]: 	at com.austinasmus.AccessDatabase.addRep(AccessDatabase.java:282)
[21:31:23] [Server thread/WARN]: 	at com.austinasmus.RepDriver.onCommand(RepDriver.java:81)
[21:31:23] [Server thread/WARN]: 	at org.bukkit.command.PluginCommand.execute(PluginCommand.java:44)
[21:31:23] [Server thread/WARN]: 	at org.bukkit.command.SimpleCommandMap.dispatch(SimpleCommandMap.java:141)
[21:31:23] [Server thread/WARN]: 	at org.bukkit.craftbukkit.v1_11_R1.CraftServer.dispatchCommand(CraftServer.java:650)
[21:31:23] [Server thread/WARN]: 	at net.minecraft.server.v1_11_R1.PlayerConnection.handleCommand(PlayerConnection.java:1345)
[21:31:23] [Server thread/WARN]: 	at net.minecraft.server.v1_11_R1.PlayerConnection.a(PlayerConnection.java:1180)
[21:31:23] [Server thread/WARN]: 	at net.minecraft.server.v1_11_R1.PacketPlayInChat.a(PacketPlayInChat.java:45)
[21:31:23] [Server thread/WARN]: 	at net.minecraft.server.v1_11_R1.PacketPlayInChat.a(PacketPlayInChat.java:1)
[21:31:23] [Server thread/WARN]: 	at net.minecraft.server.v1_11_R1.PlayerConnectionUtils$1.run(SourceFile:13)
[21:31:23] [Server thread/WARN]: 	at java.util.concurrent.Executors$RunnableAdapter.call(Unknown Source)
[21:31:23] [Server thread/WARN]: 	at java.util.concurrent.FutureTask.run(Unknown Source)
[21:31:23] [Server thread/WARN]: 	at net.minecraft.server.v1_11_R1.SystemUtils.a(SourceFile:46)
[21:31:23] [Server thread/WARN]: 	at net.minecraft.server.v1_11_R1.MinecraftServer.D(MinecraftServer.java:747)
[21:31:23] [Server thread/WARN]: 	at net.minecraft.server.v1_11_R1.DedicatedServer.D(DedicatedServer.java:399)
[21:31:23] [Server thread/WARN]: 	at net.minecraft.server.v1_11_R1.MinecraftServer.C(MinecraftServer.java:678)
[21:31:23] [Server thread/WARN]: 	at net.minecraft.server.v1_11_R1.MinecraftServer.run(MinecraftServer.java:576)
[21:31:23] [Server thread/WARN]: 	at java.lang.Thread.run(Unknown Source)
[21:31:23] [Server thread/WARN]: com.mysql.jdbc.exceptions.jdbc4.MySQLSyntaxErrorException: You have an error in your SQL syntax; check the manual that corresponds to your MariaDB server version for the right syntax to use near 'IF EXISTS(SELECT repId FROM Rep WHERE giverUUID = '2c2a05d9-6f3e-4d8b-9bf8-1ac68' at line 1
[21:31:23] [Server thread/WARN]: 	at sun.reflect.NativeConstructorAccessorImpl.newInstance0(Native Method)
[21:31:23] [Server thread/WARN]: 	at sun.reflect.NativeConstructorAccessorImpl.newInstance(Unknown Source)
[21:31:23] [Server thread/WARN]: 	at sun.reflect.DelegatingConstructorAccessorImpl.newInstance(Unknown Source)
[21:31:23] [Server thread/WARN]: 	at java.lang.reflect.Constructor.newInstance(Unknown Source)
[21:31:23] [Server thread/WARN]: 	at com.mysql.jdbc.Util.handleNewInstance(Util.java:425)
[21:31:23] [Server thread/WARN]: 	at com.mysql.jdbc.Util.getInstance(Util.java:408)
[21:31:23] [Server thread/WARN]: 	at com.mysql.jdbc.SQLError.createSQLException(SQLError.java:943)
[21:31:23] [Server thread/WARN]: 	at com.mysql.jdbc.MysqlIO.checkErrorPacket(MysqlIO.java:3970)
[21:31:23] [Server thread/WARN]: 	at com.mysql.jdbc.MysqlIO.checkErrorPacket(MysqlIO.java:3906)
[21:31:23] [Server thread/WARN]: 	at com.mysql.jdbc.MysqlIO.sendCommand(MysqlIO.java:2524)
[21:31:23] [Server thread/WARN]: 	at com.mysql.jdbc.MysqlIO.sqlQueryDirect(MysqlIO.java:2677)
[21:31:23] [Server thread/WARN]: 	at com.mysql.jdbc.ConnectionImpl.execSQL(ConnectionImpl.java:2549)
[21:31:23] [Server thread/WARN]: 	at com.mysql.jdbc.PreparedStatement.executeInternal(PreparedStatement.java:1861)
[21:31:23] [Server thread/WARN]: 	at com.mysql.jdbc.PreparedStatement.executeQuery(PreparedStatement.java:1962)
[21:31:23] [Server thread/WARN]: 	at com.austinasmus.AccessDatabase.addRep(AccessDatabase.java:304)
[21:31:23] [Server thread/WARN]: 	at com.austinasmus.RepDriver.onCommand(RepDriver.java:81)
[21:31:23] [Server thread/WARN]: 	at org.bukkit.command.PluginCommand.execute(PluginCommand.java:44)
[21:31:23] [Server thread/WARN]: 	at org.bukkit.command.SimpleCommandMap.dispatch(SimpleCommandMap.java:141)
[21:31:23] [Server thread/WARN]: 	at org.bukkit.craftbukkit.v1_11_R1.CraftServer.dispatchCommand(CraftServer.java:650)
[21:31:23] [Server thread/WARN]: 	at net.minecraft.server.v1_11_R1.PlayerConnection.handleCommand(PlayerConnection.java:1345)
[21:31:23] [Server thread/WARN]: 	at net.minecraft.server.v1_11_R1.PlayerConnection.a(PlayerConnection.java:1180)
[21:31:23] [Server thread/WARN]: 	at net.minecraft.server.v1_11_R1.PacketPlayInChat.a(PacketPlayInChat.java:45)
[21:31:23] [Server thread/WARN]: 	at net.minecraft.server.v1_11_R1.PacketPlayInChat.a(PacketPlayInChat.java:1)
[21:31:23] [Server thread/WARN]: 	at net.minecraft.server.v1_11_R1.PlayerConnectionUtils$1.run(SourceFile:13)
[21:31:23] [Server thread/WARN]: 	at java.util.concurrent.Executors$RunnableAdapter.call(Unknown Source)
[21:31:23] [Server thread/WARN]: 	at java.util.concurrent.FutureTask.run(Unknown Source)
[21:31:23] [Server thread/WARN]: 	at net.minecraft.server.v1_11_R1.SystemUtils.a(SourceFile:46)
[21:31:23] [Server thread/WARN]: 	at net.minecraft.server.v1_11_R1.MinecraftServer.D(MinecraftServer.java:747)
[21:31:23] [Server thread/WARN]: 	at net.minecraft.server.v1_11_R1.DedicatedServer.D(DedicatedServer.java:399)
[21:31:23] [Server thread/WARN]: 	at net.minecraft.server.v1_11_R1.MinecraftServer.C(MinecraftServer.java:678)
[21:31:23] [Server thread/WARN]: 	at net.minecraft.server.v1_11_R1.MinecraftServer.run(MinecraftServer.java:576)
[21:31:23] [Server thread/WARN]: 	at java.lang.Thread.run(Unknown Source)
[21:31:23] [Server thread/INFO]: 2c2a05d9-6f3e-4d8b-9bf8-1ac6805ff065
[21:31:23] [Server thread/WARN]: com.mysql.jdbc.exceptions.jdbc4.MySQLSyntaxErrorException: You have an error in your SQL syntax; check the manual that corresponds to your MariaDB server version for the right syntax to use near ''2017-03-16', 1, '', 0' at line 1
[21:31:23] [Server thread/WARN]: 	at sun.reflect.NativeConstructorAccessorImpl.newInstance0(Native Method)
[21:31:23] [Server thread/WARN]: 	at sun.reflect.NativeConstructorAccessorImpl.newInstance(Unknown Source)
[21:31:23] [Server thread/WARN]: 	at sun.reflect.DelegatingConstructorAccessorImpl.newInstance(Unknown Source)
[21:31:23] [Server thread/WARN]: 	at java.lang.reflect.Constructor.newInstance(Unknown Source)
[21:31:23] [Server thread/WARN]: 	at com.mysql.jdbc.Util.handleNewInstance(Util.java:425)
[21:31:23] [Server thread/WARN]: 	at com.mysql.jdbc.Util.getInstance(Util.java:408)
[21:31:23] [Server thread/WARN]: 	at com.mysql.jdbc.SQLError.createSQLException(SQLError.java:943)
[21:31:23] [Server thread/WARN]: 	at com.mysql.jdbc.MysqlIO.checkErrorPacket(MysqlIO.java:3970)
[21:31:23] [Server thread/WARN]: 	at com.mysql.jdbc.MysqlIO.checkErrorPacket(MysqlIO.java:3906)
[21:31:23] [Server thread/WARN]: 	at com.mysql.jdbc.MysqlIO.sendCommand(MysqlIO.java:2524)
[21:31:23] [Server thread/WARN]: 	at com.mysql.jdbc.MysqlIO.sqlQueryDirect(MysqlIO.java:2677)
[21:31:23] [Server thread/WARN]: 	at com.mysql.jdbc.ConnectionImpl.execSQL(ConnectionImpl.java:2549)
[21:31:23] [Server thread/WARN]: 	at com.mysql.jdbc.PreparedStatement.executeInternal(PreparedStatement.java:1861)
[21:31:23] [Server thread/WARN]: 	at com.mysql.jdbc.PreparedStatement.executeUpdateInternal(PreparedStatement.java:2073)
[21:31:23] [Server thread/WARN]: 	at com.mysql.jdbc.PreparedStatement.executeUpdateInternal(PreparedStatement.java:2009)
[21:31:23] [Server thread/WARN]: 	at com.mysql.jdbc.PreparedStatement.executeLargeUpdate(PreparedStatement.java:5098)
[21:31:23] [Server thread/WARN]: 	at com.mysql.jdbc.PreparedStatement.executeUpdate(PreparedStatement.java:1994)
[21:31:23] [Server thread/WARN]: 	at com.austinasmus.AccessDatabase.addRep(AccessDatabase.java:336)
[21:31:23] [Server thread/WARN]: 	at com.austinasmus.RepDriver.onCommand(RepDriver.java:81)
[21:31:23] [Server thread/WARN]: 	at org.bukkit.command.PluginCommand.execute(PluginCommand.java:44)
[21:31:23] [Server thread/WARN]: 	at org.bukkit.command.SimpleCommandMap.dispatch(SimpleCommandMap.java:141)
[21:31:23] [Server thread/WARN]: 	at org.bukkit.craftbukkit.v1_11_R1.CraftServer.dispatchCommand(CraftServer.java:650)
[21:31:23] [Server thread/WARN]: 	at net.minecraft.server.v1_11_R1.PlayerConnection.handleCommand(PlayerConnection.java:1345)
[21:31:23] [Server thread/WARN]: 	at net.minecraft.server.v1_11_R1.PlayerConnection.a(PlayerConnection.java:1180)
[21:31:23] [Server thread/WARN]: 	at net.minecraft.server.v1_11_R1.PacketPlayInChat.a(PacketPlayInChat.java:45)
[21:31:23] [Server thread/WARN]: 	at net.minecraft.server.v1_11_R1.PacketPlayInChat.a(PacketPlayInChat.java:1)
[21:31:23] [Server thread/WARN]: 	at net.minecraft.server.v1_11_R1.PlayerConnectionUtils$1.run(SourceFile:13)
[21:31:23] [Server thread/WARN]: 	at java.util.concurrent.Executors$RunnableAdapter.call(Unknown Source)
[21:31:23] [Server thread/WARN]: 	at java.util.concurrent.FutureTask.run(Unknown Source)
[21:31:23] [Server thread/WARN]: 	at net.minecraft.server.v1_11_R1.SystemUtils.a(SourceFile:46)
[21:31:23] [Server thread/WARN]: 	at net.minecraft.server.v1_11_R1.MinecraftServer.D(MinecraftServer.java:747)
[21:31:23] [Server thread/WARN]: 	at net.minecraft.server.v1_11_R1.DedicatedServer.D(DedicatedServer.java:399)
[21:31:23] [Server thread/WARN]: 	at net.minecraft.server.v1_11_R1.MinecraftServer.C(MinecraftServer.java:678)
[21:31:23] [Server thread/WARN]: 	at net.minecraft.server.v1_11_R1.MinecraftServer.run(MinecraftServer.java:576)
[21:31:23] [Server thread/WARN]: 	at java.lang.Thread.run(Unknown Source)
[21:31:30] [Server thread/INFO]: legit_craft issued server command: /rep fire_tick positive cool
[21:31:30] [Server thread/WARN]: java.sql.SQLException: Illegal operation on empty result set.
[21:31:30] [Server thread/WARN]: 	at com.mysql.jdbc.SQLError.createSQLException(SQLError.java:964)
[21:31:30] [Server thread/WARN]: 	at com.mysql.jdbc.SQLError.createSQLException(SQLError.java:897)
[21:31:30] [Server thread/WARN]: 	at com.mysql.jdbc.SQLError.createSQLException(SQLError.java:886)
[21:31:30] [Server thread/WARN]: 	at com.mysql.jdbc.SQLError.createSQLException(SQLError.java:860)
[21:31:30] [Server thread/WARN]: 	at com.mysql.jdbc.ResultSetImpl.checkRowPos(ResultSetImpl.java:790)
[21:31:30] [Server thread/WARN]: 	at com.mysql.jdbc.ResultSetImpl.getInt(ResultSetImpl.java:2472)
[21:31:30] [Server thread/WARN]: 	at com.mysql.jdbc.ResultSetImpl.getInt(ResultSetImpl.java:2572)
[21:31:30] [Server thread/WARN]: 	at com.austinasmus.AccessDatabase.addRep(AccessDatabase.java:282)
[21:31:30] [Server thread/WARN]: 	at com.austinasmus.RepDriver.onCommand(RepDriver.java:81)
[21:31:30] [Server thread/WARN]: 	at org.bukkit.command.PluginCommand.execute(PluginCommand.java:44)
[21:31:30] [Server thread/WARN]: 	at org.bukkit.command.SimpleCommandMap.dispatch(SimpleCommandMap.java:141)
[21:31:30] [Server thread/WARN]: 	at org.bukkit.craftbukkit.v1_11_R1.CraftServer.dispatchCommand(CraftServer.java:650)
[21:31:30] [Server thread/WARN]: 	at net.minecraft.server.v1_11_R1.PlayerConnection.handleCommand(PlayerConnection.java:1345)
[21:31:30] [Server thread/WARN]: 	at net.minecraft.server.v1_11_R1.PlayerConnection.a(PlayerConnection.java:1180)
[21:31:30] [Server thread/WARN]: 	at net.minecraft.server.v1_11_R1.PacketPlayInChat.a(PacketPlayInChat.java:45)
[21:31:30] [Server thread/WARN]: 	at net.minecraft.server.v1_11_R1.PacketPlayInChat.a(PacketPlayInChat.java:1)
[21:31:30] [Server thread/WARN]: 	at net.minecraft.server.v1_11_R1.PlayerConnectionUtils$1.run(SourceFile:13)
[21:31:30] [Server thread/WARN]: 	at java.util.concurrent.Executors$RunnableAdapter.call(Unknown Source)
[21:31:30] [Server thread/WARN]: 	at java.util.concurrent.FutureTask.run(Unknown Source)
[21:31:30] [Server thread/WARN]: 	at net.minecraft.server.v1_11_R1.SystemUtils.a(SourceFile:46)
[21:31:30] [Server thread/WARN]: 	at net.minecraft.server.v1_11_R1.MinecraftServer.D(MinecraftServer.java:747)
[21:31:30] [Server thread/WARN]: 	at net.minecraft.server.v1_11_R1.DedicatedServer.D(DedicatedServer.java:399)
[21:31:30] [Server thread/WARN]: 	at net.minecraft.server.v1_11_R1.MinecraftServer.C(MinecraftServer.java:678)
[21:31:30] [Server thread/WARN]: 	at net.minecraft.server.v1_11_R1.MinecraftServer.run(MinecraftServer.java:576)
[21:31:30] [Server thread/WARN]: 	at java.lang.Thread.run(Unknown Source)
[21:31:30] [Server thread/WARN]: com.mysql.jdbc.exceptions.jdbc4.MySQLSyntaxErrorException: You have an error in your SQL syntax; check the manual that corresponds to your MariaDB server version for the right syntax to use near 'IF EXISTS(SELECT repId FROM Rep WHERE giverUUID = '2c2a05d9-6f3e-4d8b-9bf8-1ac68' at line 1
[21:31:30] [Server thread/WARN]: 	at sun.reflect.NativeConstructorAccessorImpl.newInstance0(Native Method)
[21:31:30] [Server thread/WARN]: 	at sun.reflect.NativeConstructorAccessorImpl.newInstance(Unknown Source)
[21:31:30] [Server thread/WARN]: 	at sun.reflect.DelegatingConstructorAccessorImpl.newInstance(Unknown Source)
[21:31:30] [Server thread/WARN]: 	at java.lang.reflect.Constructor.newInstance(Unknown Source)
[21:31:30] [Server thread/WARN]: 	at com.mysql.jdbc.Util.handleNewInstance(Util.java:425)
[21:31:30] [Server thread/WARN]: 	at com.mysql.jdbc.Util.getInstance(Util.java:408)
[21:31:30] [Server thread/WARN]: 	at com.mysql.jdbc.SQLError.createSQLException(SQLError.java:943)
[21:31:30] [Server thread/WARN]: 	at com.mysql.jdbc.MysqlIO.checkErrorPacket(MysqlIO.java:3970)
[21:31:30] [Server thread/WARN]: 	at com.mysql.jdbc.MysqlIO.checkErrorPacket(MysqlIO.java:3906)
[21:31:30] [Server thread/WARN]: 	at com.mysql.jdbc.MysqlIO.sendCommand(MysqlIO.java:2524)
[21:31:30] [Server thread/WARN]: 	at com.mysql.jdbc.MysqlIO.sqlQueryDirect(MysqlIO.java:2677)
[21:31:30] [Server thread/WARN]: 	at com.mysql.jdbc.ConnectionImpl.execSQL(ConnectionImpl.java:2549)
[21:31:30] [Server thread/WARN]: 	at com.mysql.jdbc.PreparedStatement.executeInternal(PreparedStatement.java:1861)
[21:31:30] [Server thread/WARN]: 	at com.mysql.jdbc.PreparedStatement.executeQuery(PreparedStatement.java:1962)
[21:31:30] [Server thread/WARN]: 	at com.austinasmus.AccessDatabase.addRep(AccessDatabase.java:304)
[21:31:30] [Server thread/WARN]: 	at com.austinasmus.RepDriver.onCommand(RepDriver.java:81)
[21:31:30] [Server thread/WARN]: 	at org.bukkit.command.PluginCommand.execute(PluginCommand.java:44)
[21:31:30] [Server thread/WARN]: 	at org.bukkit.command.SimpleCommandMap.dispatch(SimpleCommandMap.java:141)
[21:31:30] [Server thread/WARN]: 	at org.bukkit.craftbukkit.v1_11_R1.CraftServer.dispatchCommand(CraftServer.java:650)
[21:31:30] [Server thread/WARN]: 	at net.minecraft.server.v1_11_R1.PlayerConnection.handleCommand(PlayerConnection.java:1345)
[21:31:30] [Server thread/WARN]: 	at net.minecraft.server.v1_11_R1.PlayerConnection.a(PlayerConnection.java:1180)
[21:31:30] [Server thread/WARN]: 	at net.minecraft.server.v1_11_R1.PacketPlayInChat.a(PacketPlayInChat.java:45)
[21:31:30] [Server thread/WARN]: 	at net.minecraft.server.v1_11_R1.PacketPlayInChat.a(PacketPlayInChat.java:1)
[21:31:30] [Server thread/WARN]: 	at net.minecraft.server.v1_11_R1.PlayerConnectionUtils$1.run(SourceFile:13)
[21:31:30] [Server thread/WARN]: 	at java.util.concurrent.Executors$RunnableAdapter.call(Unknown Source)
[21:31:30] [Server thread/WARN]: 	at java.util.concurrent.FutureTask.run(Unknown Source)
[21:31:30] [Server thread/WARN]: 	at net.minecraft.server.v1_11_R1.SystemUtils.a(SourceFile:46)
[21:31:30] [Server thread/WARN]: 	at net.minecraft.server.v1_11_R1.MinecraftServer.D(MinecraftServer.java:747)
[21:31:30] [Server thread/WARN]: 	at net.minecraft.server.v1_11_R1.DedicatedServer.D(DedicatedServer.java:399)
[21:31:30] [Server thread/WARN]: 	at net.minecraft.server.v1_11_R1.MinecraftServer.C(MinecraftServer.java:678)
[21:31:30] [Server thread/WARN]: 	at net.minecraft.server.v1_11_R1.MinecraftServer.run(MinecraftServer.java:576)
[21:31:30] [Server thread/WARN]: 	at java.lang.Thread.run(Unknown Source)
[21:31:30] [Server thread/INFO]: 2c2a05d9-6f3e-4d8b-9bf8-1ac6805ff065
[21:31:30] [Server thread/WARN]: com.mysql.jdbc.exceptions.jdbc4.MySQLSyntaxErrorException: You have an error in your SQL syntax; check the manual that corresponds to your MariaDB server version for the right syntax to use near ''2017-03-16', 1, '', 0' at line 1
[21:31:30] [Server thread/WARN]: 	at sun.reflect.NativeConstructorAccessorImpl.newInstance0(Native Method)
[21:31:30] [Server thread/WARN]: 	at sun.reflect.NativeConstructorAccessorImpl.newInstance(Unknown Source)
[21:31:30] [Server thread/WARN]: 	at sun.reflect.DelegatingConstructorAccessorImpl.newInstance(Unknown Source)
[21:31:30] [Server thread/WARN]: 	at java.lang.reflect.Constructor.newInstance(Unknown Source)
[21:31:30] [Server thread/WARN]: 	at com.mysql.jdbc.Util.handleNewInstance(Util.java:425)
[21:31:30] [Server thread/WARN]: 	at com.mysql.jdbc.Util.getInstance(Util.java:408)
[21:31:30] [Server thread/WARN]: 	at com.mysql.jdbc.SQLError.createSQLException(SQLError.java:943)
[21:31:30] [Server thread/WARN]: 	at com.mysql.jdbc.MysqlIO.checkErrorPacket(MysqlIO.java:3970)
[21:31:30] [Server thread/WARN]: 	at com.mysql.jdbc.MysqlIO.checkErrorPacket(MysqlIO.java:3906)
[21:31:30] [Server thread/WARN]: 	at com.mysql.jdbc.MysqlIO.sendCommand(MysqlIO.java:2524)
[21:31:30] [Server thread/WARN]: 	at com.mysql.jdbc.MysqlIO.sqlQueryDirect(MysqlIO.java:2677)
[21:31:30] [Server thread/WARN]: 	at com.mysql.jdbc.ConnectionImpl.execSQL(ConnectionImpl.java:2549)
[21:31:30] [Server thread/WARN]: 	at com.mysql.jdbc.PreparedStatement.executeInternal(PreparedStatement.java:1861)
[21:31:30] [Server thread/WARN]: 	at com.mysql.jdbc.PreparedStatement.executeUpdateInternal(PreparedStatement.java:2073)
[21:31:30] [Server thread/WARN]: 	at com.mysql.jdbc.PreparedStatement.executeUpdateInternal(PreparedStatement.java:2009)
[21:31:30] [Server thread/WARN]: 	at com.mysql.jdbc.PreparedStatement.executeLargeUpdate(PreparedStatement.java:5098)
[21:31:30] [Server thread/WARN]: 	at com.mysql.jdbc.PreparedStatement.executeUpdate(PreparedStatement.java:1994)
[21:31:30] [Server thread/WARN]: 	at com.austinasmus.AccessDatabase.addRep(AccessDatabase.java:336)
[21:31:30] [Server thread/WARN]: 	at com.austinasmus.RepDriver.onCommand(RepDriver.java:81)
[21:31:30] [Server thread/WARN]: 	at org.bukkit.command.PluginCommand.execute(PluginCommand.java:44)
[21:31:30] [Server thread/WARN]: 	at org.bukkit.command.SimpleCommandMap.dispatch(SimpleCommandMap.java:141)
[21:31:30] [Server thread/WARN]: 	at org.bukkit.craftbukkit.v1_11_R1.CraftServer.dispatchCommand(CraftServer.java:650)
[21:31:30] [Server thread/WARN]: 	at net.minecraft.server.v1_11_R1.PlayerConnection.handleCommand(PlayerConnection.java:1345)
[21:31:30] [Server thread/WARN]: 	at net.minecraft.server.v1_11_R1.PlayerConnection.a(PlayerConnection.java:1180)
[21:31:30] [Server thread/WARN]: 	at net.minecraft.server.v1_11_R1.PacketPlayInChat.a(PacketPlayInChat.java:45)
[21:31:30] [Server thread/WARN]: 	at net.minecraft.server.v1_11_R1.PacketPlayInChat.a(PacketPlayInChat.java:1)
[21:31:30] [Server thread/WARN]: 	at net.minecraft.server.v1_11_R1.PlayerConnectionUtils$1.run(SourceFile:13)
[21:31:30] [Server thread/WARN]: 	at java.util.concurrent.Executors$RunnableAdapter.call(Unknown Source)
[21:31:30] [Server thread/WARN]: 	at java.util.concurrent.FutureTask.run(Unknown Source)
[21:31:30] [Server thread/WARN]: 	at net.minecraft.server.v1_11_R1.SystemUtils.a(SourceFile:46)
[21:31:30] [Server thread/WARN]: 	at net.minecraft.server.v1_11_R1.MinecraftServer.D(MinecraftServer.java:747)
[21:31:30] [Server thread/WARN]: 	at net.minecraft.server.v1_11_R1.DedicatedServer.D(DedicatedServer.java:399)
[21:31:30] [Server thread/WARN]: 	at net.minecraft.server.v1_11_R1.MinecraftServer.C(MinecraftServer.java:678)
[21:31:30] [Server thread/WARN]: 	at net.minecraft.server.v1_11_R1.MinecraftServer.run(MinecraftServer.java:576)
[21:31:30] [Server thread/WARN]: 	at java.lang.Thread.run(Unknown Source)
