[20:05:04] [Server thread/INFO]: Starting minecraft server version 1.11.2
[20:05:04] [Server thread/INFO]: Loading properties
[20:05:04] [Server thread/INFO]: Default game type: SURVIVAL
[20:05:05] [Server thread/INFO]: This server is running CraftBukkit version git-Spigot-96235ab-2aa5ac6 (MC: 1.11.2) (Implementing API version 1.11.2-R0.1-SNAPSHOT)
[20:05:05] [Server thread/INFO]: Debug logging is disabled
[20:05:05] [Server thread/INFO]: Server Ping Player Sample Count: 12
[20:05:05] [Server thread/INFO]: Using 4 threads for Netty based IO
[20:05:05] [Server thread/INFO]: Generating keypair
[20:05:05] [Server thread/INFO]: Starting Minecraft server on *:25565
[20:05:05] [Server thread/INFO]: Using default channel type
[20:05:05] [Server thread/INFO]: Set PluginClassLoader as parallel capable
[20:05:05] [Server thread/INFO]: [GlobalRep] Loading GlobalRep v1.0
[20:05:05] [Server thread/INFO]: **** Beginning UUID conversion, this may take A LONG time ****
[20:05:05] [Server thread/INFO]: Preparing level "world"
[20:05:05] [Server thread/INFO]: -------- World Settings For [world] --------
[20:05:05] [Server thread/INFO]: Arrow Despawn Rate: 1200
[20:05:05] [Server thread/INFO]: Allow Zombie Pigmen to spawn from portal blocks: true
[20:05:05] [Server thread/INFO]: Item Merge Radius: 2.5
[20:05:05] [Server thread/INFO]: Item Despawn Rate: 6000
[20:05:05] [Server thread/INFO]: Zombie Aggressive Towards Villager: true
[20:05:05] [Server thread/INFO]: View Distance: 10
[20:05:05] [Server thread/INFO]: Experience Merge Radius: 3.0
[20:05:05] [Server thread/INFO]: Nerfing mobs spawned from spawners: false
[20:05:05] [Server thread/INFO]: Mob Spawn Range: 4
[20:05:05] [Server thread/INFO]: Max TNT Explosions: 100
[20:05:05] [Server thread/INFO]: Cactus Growth Modifier: 100%
[20:05:05] [Server thread/INFO]: Cane Growth Modifier: 100%
[20:05:05] [Server thread/INFO]: Melon Growth Modifier: 100%
[20:05:05] [Server thread/INFO]: Mushroom Growth Modifier: 100%
[20:05:05] [Server thread/INFO]: Pumpkin Growth Modifier: 100%
[20:05:05] [Server thread/INFO]: Sapling Growth Modifier: 100%
[20:05:05] [Server thread/INFO]: Wheat Growth Modifier: 100%
[20:05:05] [Server thread/INFO]: NetherWart Growth Modifier: 100%
[20:05:05] [Server thread/INFO]: Vine Growth Modifier: 100%
[20:05:05] [Server thread/INFO]: Cocoa Growth Modifier: 100%
[20:05:05] [Server thread/INFO]: Random Lighting Updates: false
[20:05:05] [Server thread/INFO]: Entity Activation Range: An 32 / Mo 32 / Mi 16
[20:05:05] [Server thread/INFO]: Tile Max Tick Time: 50ms Entity max Tick Time: 50ms
[20:05:05] [Server thread/INFO]: Hopper Transfer: 8 Hopper Check: 1 Hopper Amount: 1
[20:05:05] [Server thread/INFO]: Entity Tracking Range: Pl 48 / An 48 / Mo 48 / Mi 32 / Other 64
[20:05:05] [Server thread/INFO]: Structure Info Saving: true
[20:05:05] [Server thread/INFO]: Custom Map Seeds:  Village: 10387312 Feature: 14357617 Monument: 10387313 Slime: 987234911
[20:05:05] [Server thread/INFO]: -------- World Settings For [world_nether] --------
[20:05:05] [Server thread/INFO]: Arrow Despawn Rate: 1200
[20:05:05] [Server thread/INFO]: Allow Zombie Pigmen to spawn from portal blocks: true
[20:05:05] [Server thread/INFO]: Item Merge Radius: 2.5
[20:05:05] [Server thread/INFO]: Item Despawn Rate: 6000
[20:05:05] [Server thread/INFO]: Zombie Aggressive Towards Villager: true
[20:05:05] [Server thread/INFO]: View Distance: 10
[20:05:05] [Server thread/INFO]: Experience Merge Radius: 3.0
[20:05:05] [Server thread/INFO]: Nerfing mobs spawned from spawners: false
[20:05:05] [Server thread/INFO]: Mob Spawn Range: 4
[20:05:05] [Server thread/INFO]: Max TNT Explosions: 100
[20:05:05] [Server thread/INFO]: Cactus Growth Modifier: 100%
[20:05:05] [Server thread/INFO]: Cane Growth Modifier: 100%
[20:05:05] [Server thread/INFO]: Melon Growth Modifier: 100%
[20:05:05] [Server thread/INFO]: Mushroom Growth Modifier: 100%
[20:05:05] [Server thread/INFO]: Pumpkin Growth Modifier: 100%
[20:05:05] [Server thread/INFO]: Sapling Growth Modifier: 100%
[20:05:05] [Server thread/INFO]: Wheat Growth Modifier: 100%
[20:05:05] [Server thread/INFO]: NetherWart Growth Modifier: 100%
[20:05:05] [Server thread/INFO]: Vine Growth Modifier: 100%
[20:05:05] [Server thread/INFO]: Cocoa Growth Modifier: 100%
[20:05:05] [Server thread/INFO]: Random Lighting Updates: false
[20:05:05] [Server thread/INFO]: Entity Activation Range: An 32 / Mo 32 / Mi 16
[20:05:05] [Server thread/INFO]: Tile Max Tick Time: 50ms Entity max Tick Time: 50ms
[20:05:05] [Server thread/INFO]: Hopper Transfer: 8 Hopper Check: 1 Hopper Amount: 1
[20:05:05] [Server thread/INFO]: Entity Tracking Range: Pl 48 / An 48 / Mo 48 / Mi 32 / Other 64
[20:05:05] [Server thread/INFO]: Structure Info Saving: true
[20:05:05] [Server thread/INFO]: Custom Map Seeds:  Village: 10387312 Feature: 14357617 Monument: 10387313 Slime: 987234911
[20:05:05] [Server thread/INFO]: -------- World Settings For [world_the_end] --------
[20:05:05] [Server thread/INFO]: Arrow Despawn Rate: 1200
[20:05:05] [Server thread/INFO]: Allow Zombie Pigmen to spawn from portal blocks: true
[20:05:05] [Server thread/INFO]: Item Merge Radius: 2.5
[20:05:05] [Server thread/INFO]: Item Despawn Rate: 6000
[20:05:05] [Server thread/INFO]: Zombie Aggressive Towards Villager: true
[20:05:05] [Server thread/INFO]: View Distance: 10
[20:05:05] [Server thread/INFO]: Experience Merge Radius: 3.0
[20:05:05] [Server thread/INFO]: Nerfing mobs spawned from spawners: false
[20:05:05] [Server thread/INFO]: Mob Spawn Range: 4
[20:05:05] [Server thread/INFO]: Max TNT Explosions: 100
[20:05:05] [Server thread/INFO]: Cactus Growth Modifier: 100%
[20:05:05] [Server thread/INFO]: Cane Growth Modifier: 100%
[20:05:05] [Server thread/INFO]: Melon Growth Modifier: 100%
[20:05:05] [Server thread/INFO]: Mushroom Growth Modifier: 100%
[20:05:05] [Server thread/INFO]: Pumpkin Growth Modifier: 100%
[20:05:05] [Server thread/INFO]: Sapling Growth Modifier: 100%
[20:05:05] [Server thread/INFO]: Wheat Growth Modifier: 100%
[20:05:05] [Server thread/INFO]: NetherWart Growth Modifier: 100%
[20:05:05] [Server thread/INFO]: Vine Growth Modifier: 100%
[20:05:05] [Server thread/INFO]: Cocoa Growth Modifier: 100%
[20:05:05] [Server thread/INFO]: Random Lighting Updates: false
[20:05:05] [Server thread/INFO]: Entity Activation Range: An 32 / Mo 32 / Mi 16
[20:05:05] [Server thread/INFO]: Tile Max Tick Time: 50ms Entity max Tick Time: 50ms
[20:05:05] [Server thread/INFO]: Hopper Transfer: 8 Hopper Check: 1 Hopper Amount: 1
[20:05:05] [Server thread/INFO]: Entity Tracking Range: Pl 48 / An 48 / Mo 48 / Mi 32 / Other 64
[20:05:05] [Server thread/INFO]: Structure Info Saving: true
[20:05:05] [Server thread/INFO]: Custom Map Seeds:  Village: 10387312 Feature: 14357617 Monument: 10387313 Slime: 987234911
[20:05:05] [Server thread/INFO]: Preparing start region for level 0 (Seed: -7458399325931830546)
[20:05:06] [Server thread/INFO]: Preparing start region for level 1 (Seed: -7458399325931830546)
[20:05:06] [Server thread/INFO]: Preparing start region for level 2 (Seed: -7458399325931830546)
[20:05:06] [Server thread/INFO]: [GlobalRep] Enabling GlobalRep v1.0
[20:05:07] [Server thread/INFO]: jdbc:mysql://cse.unl.edu:3306/aasmus
[20:05:07] [Server thread/INFO]: Server permissions file permissions.yml is empty, ignoring it
[20:05:07] [Server thread/INFO]: Done (1.903s)! For help, type "help" or "?"
