[19:55:44] [Server thread/INFO]: Starting minecraft server version 1.11.2
[19:55:44] [Server thread/INFO]: Loading properties
[19:55:44] [Server thread/INFO]: Default game type: SURVIVAL
[19:55:44] [Server thread/INFO]: This server is running CraftBukkit version git-Spigot-96235ab-2aa5ac6 (MC: 1.11.2) (Implementing API version 1.11.2-R0.1-SNAPSHOT)
[19:55:44] [Server thread/INFO]: Debug logging is disabled
[19:55:44] [Server thread/INFO]: Server Ping Player Sample Count: 12
[19:55:44] [Server thread/INFO]: Using 4 threads for Netty based IO
[19:55:44] [Server thread/INFO]: Generating keypair
[19:55:44] [Server thread/INFO]: Starting Minecraft server on *:25565
[19:55:44] [Server thread/INFO]: Using default channel type
[19:55:44] [Server thread/INFO]: Set PluginClassLoader as parallel capable
[19:55:44] [Server thread/INFO]: [GlobalRep] Loading GlobalRep v1.0
[19:55:44] [Server thread/INFO]: **** Beginning UUID conversion, this may take A LONG time ****
[19:55:44] [Server thread/INFO]: Preparing level "world"
[19:55:44] [Server thread/INFO]: -------- World Settings For [world] --------
[19:55:44] [Server thread/INFO]: Allow Zombie Pigmen to spawn from portal blocks: true
[19:55:44] [Server thread/INFO]: Item Merge Radius: 2.5
[19:55:44] [Server thread/INFO]: Item Despawn Rate: 6000
[19:55:44] [Server thread/INFO]: Arrow Despawn Rate: 1200
[19:55:44] [Server thread/INFO]: Experience Merge Radius: 3.0
[19:55:44] [Server thread/INFO]: Nerfing mobs spawned from spawners: false
[19:55:44] [Server thread/INFO]: Mob Spawn Range: 4
[19:55:44] [Server thread/INFO]: Random Lighting Updates: false
[19:55:44] [Server thread/INFO]: Tile Max Tick Time: 50ms Entity max Tick Time: 50ms
[19:55:44] [Server thread/INFO]: Cactus Growth Modifier: 100%
[19:55:44] [Server thread/INFO]: Cane Growth Modifier: 100%
[19:55:44] [Server thread/INFO]: Melon Growth Modifier: 100%
[19:55:44] [Server thread/INFO]: Mushroom Growth Modifier: 100%
[19:55:44] [Server thread/INFO]: Pumpkin Growth Modifier: 100%
[19:55:44] [Server thread/INFO]: Sapling Growth Modifier: 100%
[19:55:44] [Server thread/INFO]: Wheat Growth Modifier: 100%
[19:55:44] [Server thread/INFO]: NetherWart Growth Modifier: 100%
[19:55:44] [Server thread/INFO]: Vine Growth Modifier: 100%
[19:55:44] [Server thread/INFO]: Cocoa Growth Modifier: 100%
[19:55:44] [Server thread/INFO]: Entity Tracking Range: Pl 48 / An 48 / Mo 48 / Mi 32 / Other 64
[19:55:44] [Server thread/INFO]: Hopper Transfer: 8 Hopper Check: 1 Hopper Amount: 1
[19:55:44] [Server thread/INFO]: Structure Info Saving: true
[19:55:44] [Server thread/INFO]: Entity Activation Range: An 32 / Mo 32 / Mi 16
[19:55:44] [Server thread/INFO]: Max TNT Explosions: 100
[19:55:44] [Server thread/INFO]: Custom Map Seeds:  Village: 10387312 Feature: 14357617 Monument: 10387313 Slime: 987234911
[19:55:44] [Server thread/INFO]: View Distance: 10
[19:55:44] [Server thread/INFO]: Zombie Aggressive Towards Villager: true
[19:55:44] [Server thread/INFO]: -------- World Settings For [world_nether] --------
[19:55:44] [Server thread/INFO]: Allow Zombie Pigmen to spawn from portal blocks: true
[19:55:44] [Server thread/INFO]: Item Merge Radius: 2.5
[19:55:44] [Server thread/INFO]: Item Despawn Rate: 6000
[19:55:44] [Server thread/INFO]: Arrow Despawn Rate: 1200
[19:55:44] [Server thread/INFO]: Experience Merge Radius: 3.0
[19:55:44] [Server thread/INFO]: Nerfing mobs spawned from spawners: false
[19:55:44] [Server thread/INFO]: Mob Spawn Range: 4
[19:55:44] [Server thread/INFO]: Random Lighting Updates: false
[19:55:44] [Server thread/INFO]: Tile Max Tick Time: 50ms Entity max Tick Time: 50ms
[19:55:44] [Server thread/INFO]: Cactus Growth Modifier: 100%
[19:55:44] [Server thread/INFO]: Cane Growth Modifier: 100%
[19:55:44] [Server thread/INFO]: Melon Growth Modifier: 100%
[19:55:44] [Server thread/INFO]: Mushroom Growth Modifier: 100%
[19:55:44] [Server thread/INFO]: Pumpkin Growth Modifier: 100%
[19:55:44] [Server thread/INFO]: Sapling Growth Modifier: 100%
[19:55:44] [Server thread/INFO]: Wheat Growth Modifier: 100%
[19:55:44] [Server thread/INFO]: NetherWart Growth Modifier: 100%
[19:55:44] [Server thread/INFO]: Vine Growth Modifier: 100%
[19:55:44] [Server thread/INFO]: Cocoa Growth Modifier: 100%
[19:55:44] [Server thread/INFO]: Entity Tracking Range: Pl 48 / An 48 / Mo 48 / Mi 32 / Other 64
[19:55:44] [Server thread/INFO]: Hopper Transfer: 8 Hopper Check: 1 Hopper Amount: 1
[19:55:44] [Server thread/INFO]: Structure Info Saving: true
[19:55:44] [Server thread/INFO]: Entity Activation Range: An 32 / Mo 32 / Mi 16
[19:55:44] [Server thread/INFO]: Max TNT Explosions: 100
[19:55:44] [Server thread/INFO]: Custom Map Seeds:  Village: 10387312 Feature: 14357617 Monument: 10387313 Slime: 987234911
[19:55:44] [Server thread/INFO]: View Distance: 10
[19:55:44] [Server thread/INFO]: Zombie Aggressive Towards Villager: true
[19:55:44] [Server thread/INFO]: -------- World Settings For [world_the_end] --------
[19:55:44] [Server thread/INFO]: Allow Zombie Pigmen to spawn from portal blocks: true
[19:55:44] [Server thread/INFO]: Item Merge Radius: 2.5
[19:55:44] [Server thread/INFO]: Item Despawn Rate: 6000
[19:55:44] [Server thread/INFO]: Arrow Despawn Rate: 1200
[19:55:44] [Server thread/INFO]: Experience Merge Radius: 3.0
[19:55:44] [Server thread/INFO]: Nerfing mobs spawned from spawners: false
[19:55:44] [Server thread/INFO]: Mob Spawn Range: 4
[19:55:44] [Server thread/INFO]: Random Lighting Updates: false
[19:55:44] [Server thread/INFO]: Tile Max Tick Time: 50ms Entity max Tick Time: 50ms
[19:55:44] [Server thread/INFO]: Cactus Growth Modifier: 100%
[19:55:44] [Server thread/INFO]: Cane Growth Modifier: 100%
[19:55:44] [Server thread/INFO]: Melon Growth Modifier: 100%
[19:55:44] [Server thread/INFO]: Mushroom Growth Modifier: 100%
[19:55:44] [Server thread/INFO]: Pumpkin Growth Modifier: 100%
[19:55:44] [Server thread/INFO]: Sapling Growth Modifier: 100%
[19:55:44] [Server thread/INFO]: Wheat Growth Modifier: 100%
[19:55:44] [Server thread/INFO]: NetherWart Growth Modifier: 100%
[19:55:44] [Server thread/INFO]: Vine Growth Modifier: 100%
[19:55:44] [Server thread/INFO]: Cocoa Growth Modifier: 100%
[19:55:44] [Server thread/INFO]: Entity Tracking Range: Pl 48 / An 48 / Mo 48 / Mi 32 / Other 64
[19:55:44] [Server thread/INFO]: Hopper Transfer: 8 Hopper Check: 1 Hopper Amount: 1
[19:55:44] [Server thread/INFO]: Structure Info Saving: true
[19:55:44] [Server thread/INFO]: Entity Activation Range: An 32 / Mo 32 / Mi 16
[19:55:44] [Server thread/INFO]: Max TNT Explosions: 100
[19:55:44] [Server thread/INFO]: Custom Map Seeds:  Village: 10387312 Feature: 14357617 Monument: 10387313 Slime: 987234911
[19:55:44] [Server thread/INFO]: View Distance: 10
[19:55:44] [Server thread/INFO]: Zombie Aggressive Towards Villager: true
[19:55:44] [Server thread/INFO]: Preparing start region for level 0 (Seed: -7458399325931830546)
[19:55:45] [Server thread/INFO]: Preparing start region for level 1 (Seed: -7458399325931830546)
[19:55:46] [Server thread/INFO]: Preparing start region for level 2 (Seed: -7458399325931830546)
[19:55:46] [Server thread/INFO]: [GlobalRep] Enabling GlobalRep v1.0
[19:55:46] [Server thread/INFO]: SQLException: 
[19:55:46] [Server thread/WARN]: java.sql.SQLException: Illegal operation on empty result set.
[19:55:46] [Server thread/WARN]: 	at com.mysql.jdbc.SQLError.createSQLException(SQLError.java:964)
[19:55:46] [Server thread/WARN]: 	at com.mysql.jdbc.SQLError.createSQLException(SQLError.java:897)
[19:55:46] [Server thread/WARN]: 	at com.mysql.jdbc.SQLError.createSQLException(SQLError.java:886)
[19:55:46] [Server thread/WARN]: 	at com.mysql.jdbc.SQLError.createSQLException(SQLError.java:860)
[19:55:46] [Server thread/WARN]: 	at com.mysql.jdbc.ResultSetImpl.checkRowPos(ResultSetImpl.java:790)
[19:55:46] [Server thread/WARN]: 	at com.mysql.jdbc.ResultSetImpl.getStringInternal(ResultSetImpl.java:5228)
[19:55:46] [Server thread/WARN]: 	at com.mysql.jdbc.ResultSetImpl.getString(ResultSetImpl.java:5151)
[19:55:46] [Server thread/WARN]: 	at com.mysql.jdbc.ResultSetImpl.getString(ResultSetImpl.java:5190)
[19:55:46] [Server thread/WARN]: 	at rep.global.AccessDatabase.generateTables(AccessDatabase.java:66)
[19:55:46] [Server thread/WARN]: 	at rep.global.RepDriver.onEnable(RepDriver.java:29)
[19:55:46] [Server thread/WARN]: 	at org.bukkit.plugin.java.JavaPlugin.setEnabled(JavaPlugin.java:271)
[19:55:46] [Server thread/WARN]: 	at org.bukkit.plugin.java.JavaPluginLoader.enablePlugin(JavaPluginLoader.java:337)
[19:55:46] [Server thread/WARN]: 	at org.bukkit.plugin.SimplePluginManager.enablePlugin(SimplePluginManager.java:405)
[19:55:46] [Server thread/WARN]: 	at org.bukkit.craftbukkit.v1_11_R1.CraftServer.enablePlugin(CraftServer.java:376)
[19:55:46] [Server thread/WARN]: 	at org.bukkit.craftbukkit.v1_11_R1.CraftServer.enablePlugins(CraftServer.java:326)
[19:55:46] [Server thread/WARN]: 	at net.minecraft.server.v1_11_R1.MinecraftServer.t(MinecraftServer.java:421)
[19:55:46] [Server thread/WARN]: 	at net.minecraft.server.v1_11_R1.MinecraftServer.l(MinecraftServer.java:382)
[19:55:46] [Server thread/WARN]: 	at net.minecraft.server.v1_11_R1.MinecraftServer.a(MinecraftServer.java:337)
[19:55:46] [Server thread/WARN]: 	at net.minecraft.server.v1_11_R1.DedicatedServer.init(DedicatedServer.java:272)
[19:55:46] [Server thread/WARN]: 	at net.minecraft.server.v1_11_R1.MinecraftServer.run(MinecraftServer.java:544)
[19:55:46] [Server thread/WARN]: 	at java.lang.Thread.run(Unknown Source)
[19:55:46] [Server thread/ERROR]: Error occurred while enabling GlobalRep v1.0 (Is it up to date?)
java.lang.RuntimeException: java.sql.SQLException: Illegal operation on empty result set.
	at rep.global.AccessDatabase.generateTables(AccessDatabase.java:117) ~[?:?]
	at rep.global.RepDriver.onEnable(RepDriver.java:29) ~[?:?]
	at org.bukkit.plugin.java.JavaPlugin.setEnabled(JavaPlugin.java:271) ~[spigot-1.11.2.jar:git-Spigot-96235ab-2aa5ac6]
	at org.bukkit.plugin.java.JavaPluginLoader.enablePlugin(JavaPluginLoader.java:337) [spigot-1.11.2.jar:git-Spigot-96235ab-2aa5ac6]
	at org.bukkit.plugin.SimplePluginManager.enablePlugin(SimplePluginManager.java:405) [spigot-1.11.2.jar:git-Spigot-96235ab-2aa5ac6]
	at org.bukkit.craftbukkit.v1_11_R1.CraftServer.enablePlugin(CraftServer.java:376) [spigot-1.11.2.jar:git-Spigot-96235ab-2aa5ac6]
	at org.bukkit.craftbukkit.v1_11_R1.CraftServer.enablePlugins(CraftServer.java:326) [spigot-1.11.2.jar:git-Spigot-96235ab-2aa5ac6]
	at net.minecraft.server.v1_11_R1.MinecraftServer.t(MinecraftServer.java:421) [spigot-1.11.2.jar:git-Spigot-96235ab-2aa5ac6]
	at net.minecraft.server.v1_11_R1.MinecraftServer.l(MinecraftServer.java:382) [spigot-1.11.2.jar:git-Spigot-96235ab-2aa5ac6]
	at net.minecraft.server.v1_11_R1.MinecraftServer.a(MinecraftServer.java:337) [spigot-1.11.2.jar:git-Spigot-96235ab-2aa5ac6]
	at net.minecraft.server.v1_11_R1.DedicatedServer.init(DedicatedServer.java:272) [spigot-1.11.2.jar:git-Spigot-96235ab-2aa5ac6]
	at net.minecraft.server.v1_11_R1.MinecraftServer.run(MinecraftServer.java:544) [spigot-1.11.2.jar:git-Spigot-96235ab-2aa5ac6]
	at java.lang.Thread.run(Unknown Source) [?:1.8.0_121]
Caused by: java.sql.SQLException: Illegal operation on empty result set.
	at com.mysql.jdbc.SQLError.createSQLException(SQLError.java:964) ~[spigot-1.11.2.jar:git-Spigot-96235ab-2aa5ac6]
	at com.mysql.jdbc.SQLError.createSQLException(SQLError.java:897) ~[spigot-1.11.2.jar:git-Spigot-96235ab-2aa5ac6]
	at com.mysql.jdbc.SQLError.createSQLException(SQLError.java:886) ~[spigot-1.11.2.jar:git-Spigot-96235ab-2aa5ac6]
	at com.mysql.jdbc.SQLError.createSQLException(SQLError.java:860) ~[spigot-1.11.2.jar:git-Spigot-96235ab-2aa5ac6]
	at com.mysql.jdbc.ResultSetImpl.checkRowPos(ResultSetImpl.java:790) ~[spigot-1.11.2.jar:git-Spigot-96235ab-2aa5ac6]
	at com.mysql.jdbc.ResultSetImpl.getStringInternal(ResultSetImpl.java:5228) ~[spigot-1.11.2.jar:git-Spigot-96235ab-2aa5ac6]
	at com.mysql.jdbc.ResultSetImpl.getString(ResultSetImpl.java:5151) ~[spigot-1.11.2.jar:git-Spigot-96235ab-2aa5ac6]
	at com.mysql.jdbc.ResultSetImpl.getString(ResultSetImpl.java:5190) ~[spigot-1.11.2.jar:git-Spigot-96235ab-2aa5ac6]
	at rep.global.AccessDatabase.generateTables(AccessDatabase.java:66) ~[?:?]
	... 12 more
[19:55:46] [Server thread/INFO]: Server permissions file permissions.yml is empty, ignoring it
[19:55:46] [Server thread/INFO]: Done (1.914s)! For help, type "help" or "?"
