[23:33:51] [Server thread/INFO]: Starting minecraft server version 1.11.2
[23:33:51] [Server thread/INFO]: Loading properties
[23:33:51] [Server thread/INFO]: Default game type: SURVIVAL
[23:33:51] [Server thread/INFO]: This server is running CraftBukkit version git-Spigot-96235ab-2aa5ac6 (MC: 1.11.2) (Implementing API version 1.11.2-R0.1-SNAPSHOT)
[23:33:51] [Server thread/INFO]: Debug logging is disabled
[23:33:51] [Server thread/INFO]: Server Ping Player Sample Count: 12
[23:33:51] [Server thread/INFO]: Using 4 threads for Netty based IO
[23:33:51] [Server thread/INFO]: Generating keypair
[23:33:51] [Server thread/INFO]: Starting Minecraft server on *:25565
[23:33:51] [Server thread/INFO]: Using default channel type
[23:33:51] [Server thread/INFO]: Set PluginClassLoader as parallel capable
[23:33:51] [Server thread/INFO]: [GlobalRep] Loading GlobalRep v0.8
[23:33:51] [Server thread/INFO]: **** Beginning UUID conversion, this may take A LONG time ****
[23:33:51] [Server thread/INFO]: Preparing level "world"
[23:33:51] [Server thread/INFO]: -------- World Settings For [world] --------
[23:33:51] [Server thread/INFO]: Item Despawn Rate: 6000
[23:33:51] [Server thread/INFO]: Item Merge Radius: 2.5
[23:33:51] [Server thread/INFO]: Arrow Despawn Rate: 1200
[23:33:51] [Server thread/INFO]: Zombie Aggressive Towards Villager: true
[23:33:51] [Server thread/INFO]: Custom Map Seeds:  Village: 10387312 Feature: 14357617 Monument: 10387313 Slime: 987234911
[23:33:51] [Server thread/INFO]: Mob Spawn Range: 4
[23:33:51] [Server thread/INFO]: Hopper Transfer: 8 Hopper Check: 1 Hopper Amount: 1
[23:33:51] [Server thread/INFO]: Max TNT Explosions: 100
[23:33:51] [Server thread/INFO]: Tile Max Tick Time: 50ms Entity max Tick Time: 50ms
[23:33:51] [Server thread/INFO]: Structure Info Saving: true
[23:33:51] [Server thread/INFO]: Entity Activation Range: An 32 / Mo 32 / Mi 16
[23:33:51] [Server thread/INFO]: Entity Tracking Range: Pl 48 / An 48 / Mo 48 / Mi 32 / Other 64
[23:33:51] [Server thread/INFO]: Cactus Growth Modifier: 100%
[23:33:51] [Server thread/INFO]: Cane Growth Modifier: 100%
[23:33:51] [Server thread/INFO]: Melon Growth Modifier: 100%
[23:33:51] [Server thread/INFO]: Mushroom Growth Modifier: 100%
[23:33:51] [Server thread/INFO]: Pumpkin Growth Modifier: 100%
[23:33:51] [Server thread/INFO]: Sapling Growth Modifier: 100%
[23:33:51] [Server thread/INFO]: Wheat Growth Modifier: 100%
[23:33:51] [Server thread/INFO]: NetherWart Growth Modifier: 100%
[23:33:51] [Server thread/INFO]: Vine Growth Modifier: 100%
[23:33:51] [Server thread/INFO]: Cocoa Growth Modifier: 100%
[23:33:51] [Server thread/INFO]: Random Lighting Updates: false
[23:33:51] [Server thread/INFO]: Experience Merge Radius: 3.0
[23:33:51] [Server thread/INFO]: Nerfing mobs spawned from spawners: false
[23:33:51] [Server thread/INFO]: Allow Zombie Pigmen to spawn from portal blocks: true
[23:33:51] [Server thread/INFO]: View Distance: 10
[23:33:51] [Server thread/INFO]: -------- World Settings For [world_nether] --------
[23:33:51] [Server thread/INFO]: Item Despawn Rate: 6000
[23:33:51] [Server thread/INFO]: Item Merge Radius: 2.5
[23:33:51] [Server thread/INFO]: Arrow Despawn Rate: 1200
[23:33:51] [Server thread/INFO]: Zombie Aggressive Towards Villager: true
[23:33:51] [Server thread/INFO]: Custom Map Seeds:  Village: 10387312 Feature: 14357617 Monument: 10387313 Slime: 987234911
[23:33:51] [Server thread/INFO]: Mob Spawn Range: 4
[23:33:51] [Server thread/INFO]: Hopper Transfer: 8 Hopper Check: 1 Hopper Amount: 1
[23:33:51] [Server thread/INFO]: Max TNT Explosions: 100
[23:33:51] [Server thread/INFO]: Tile Max Tick Time: 50ms Entity max Tick Time: 50ms
[23:33:51] [Server thread/INFO]: Structure Info Saving: true
[23:33:51] [Server thread/INFO]: Entity Activation Range: An 32 / Mo 32 / Mi 16
[23:33:51] [Server thread/INFO]: Entity Tracking Range: Pl 48 / An 48 / Mo 48 / Mi 32 / Other 64
[23:33:51] [Server thread/INFO]: Cactus Growth Modifier: 100%
[23:33:51] [Server thread/INFO]: Cane Growth Modifier: 100%
[23:33:51] [Server thread/INFO]: Melon Growth Modifier: 100%
[23:33:51] [Server thread/INFO]: Mushroom Growth Modifier: 100%
[23:33:51] [Server thread/INFO]: Pumpkin Growth Modifier: 100%
[23:33:51] [Server thread/INFO]: Sapling Growth Modifier: 100%
[23:33:51] [Server thread/INFO]: Wheat Growth Modifier: 100%
[23:33:51] [Server thread/INFO]: NetherWart Growth Modifier: 100%
[23:33:51] [Server thread/INFO]: Vine Growth Modifier: 100%
[23:33:51] [Server thread/INFO]: Cocoa Growth Modifier: 100%
[23:33:51] [Server thread/INFO]: Random Lighting Updates: false
[23:33:51] [Server thread/INFO]: Experience Merge Radius: 3.0
[23:33:51] [Server thread/INFO]: Nerfing mobs spawned from spawners: false
[23:33:51] [Server thread/INFO]: Allow Zombie Pigmen to spawn from portal blocks: true
[23:33:51] [Server thread/INFO]: View Distance: 10
[23:33:51] [Server thread/INFO]: -------- World Settings For [world_the_end] --------
[23:33:51] [Server thread/INFO]: Item Despawn Rate: 6000
[23:33:51] [Server thread/INFO]: Item Merge Radius: 2.5
[23:33:51] [Server thread/INFO]: Arrow Despawn Rate: 1200
[23:33:51] [Server thread/INFO]: Zombie Aggressive Towards Villager: true
[23:33:51] [Server thread/INFO]: Custom Map Seeds:  Village: 10387312 Feature: 14357617 Monument: 10387313 Slime: 987234911
[23:33:51] [Server thread/INFO]: Mob Spawn Range: 4
[23:33:51] [Server thread/INFO]: Hopper Transfer: 8 Hopper Check: 1 Hopper Amount: 1
[23:33:51] [Server thread/INFO]: Max TNT Explosions: 100
[23:33:51] [Server thread/INFO]: Tile Max Tick Time: 50ms Entity max Tick Time: 50ms
[23:33:51] [Server thread/INFO]: Structure Info Saving: true
[23:33:51] [Server thread/INFO]: Entity Activation Range: An 32 / Mo 32 / Mi 16
[23:33:51] [Server thread/INFO]: Entity Tracking Range: Pl 48 / An 48 / Mo 48 / Mi 32 / Other 64
[23:33:51] [Server thread/INFO]: Cactus Growth Modifier: 100%
[23:33:51] [Server thread/INFO]: Cane Growth Modifier: 100%
[23:33:51] [Server thread/INFO]: Melon Growth Modifier: 100%
[23:33:51] [Server thread/INFO]: Mushroom Growth Modifier: 100%
[23:33:51] [Server thread/INFO]: Pumpkin Growth Modifier: 100%
[23:33:51] [Server thread/INFO]: Sapling Growth Modifier: 100%
[23:33:51] [Server thread/INFO]: Wheat Growth Modifier: 100%
[23:33:51] [Server thread/INFO]: NetherWart Growth Modifier: 100%
[23:33:51] [Server thread/INFO]: Vine Growth Modifier: 100%
[23:33:51] [Server thread/INFO]: Cocoa Growth Modifier: 100%
[23:33:51] [Server thread/INFO]: Random Lighting Updates: false
[23:33:51] [Server thread/INFO]: Experience Merge Radius: 3.0
[23:33:51] [Server thread/INFO]: Nerfing mobs spawned from spawners: false
[23:33:51] [Server thread/INFO]: Allow Zombie Pigmen to spawn from portal blocks: true
[23:33:51] [Server thread/INFO]: View Distance: 10
[23:33:51] [Server thread/INFO]: Preparing start region for level 0 (Seed: -7458399325931830546)
[23:33:52] [Server thread/INFO]: Preparing start region for level 1 (Seed: -7458399325931830546)
[23:33:53] [Server thread/INFO]: Preparing start region for level 2 (Seed: -7458399325931830546)
[23:33:53] [Server thread/INFO]: [GlobalRep] Enabling GlobalRep v0.8
[23:33:53] [Server thread/INFO]: Done (1.876s)! For help, type "help" or "?"
[23:33:57] [User Authenticator #1/INFO]: UUID of player legit_craft is 2c2a05d9-6f3e-4d8b-9bf8-1ac6805ff065
[23:33:57] [Server thread/INFO]: legit_craft[/127.0.0.1:65106] logged in with entity id 131 at ([world]124.81611820470161, 82.0, 304.4927722358103)
[23:33:58] [User Authenticator #2/INFO]: UUID of player SmokinDaDank is 52e07642-6f36-4062-a1cd-b4e031733a6f
[23:33:58] [Server thread/INFO]: SmokinDaDank[/127.0.0.1:65109] logged in with entity id 216 at ([world]234.00216423212999, 66.0, 272.039077473758)
[23:34:14] [Server thread/INFO]: SmokinDaDank issued server command: /rep legit_craft
[23:34:16] [Server thread/INFO]: legit_craft issued server command: /rep legit_craft
[23:34:16] [Server thread/WARN]: java.io.IOException: Server returned HTTP response code: 429 for URL: https://sessionserver.mojang.com/session/minecraft/profile/52e076426f364062a1cdb4e031733a6f
[23:34:16] [Server thread/WARN]: 	at sun.net.www.protocol.http.HttpURLConnection.getInputStream0(Unknown Source)
[23:34:16] [Server thread/WARN]: 	at sun.net.www.protocol.http.HttpURLConnection.getInputStream(Unknown Source)
[23:34:16] [Server thread/WARN]: 	at sun.net.www.protocol.https.HttpsURLConnectionImpl.getInputStream(Unknown Source)
[23:34:16] [Server thread/WARN]: 	at com.austinasmus.NameFetcher.call(NameFetcher.java:41)
[23:34:16] [Server thread/WARN]: 	at com.austinasmus.AccessDatabase.getRep(AccessDatabase.java:184)
[23:34:16] [Server thread/WARN]: 	at com.austinasmus.RepDriver.onCommand(RepDriver.java:75)
[23:34:16] [Server thread/WARN]: 	at org.bukkit.command.PluginCommand.execute(PluginCommand.java:44)
[23:34:16] [Server thread/WARN]: 	at org.bukkit.command.SimpleCommandMap.dispatch(SimpleCommandMap.java:141)
[23:34:16] [Server thread/WARN]: 	at org.bukkit.craftbukkit.v1_11_R1.CraftServer.dispatchCommand(CraftServer.java:650)
[23:34:16] [Server thread/WARN]: 	at net.minecraft.server.v1_11_R1.PlayerConnection.handleCommand(PlayerConnection.java:1345)
[23:34:16] [Server thread/WARN]: 	at net.minecraft.server.v1_11_R1.PlayerConnection.a(PlayerConnection.java:1180)
[23:34:16] [Server thread/WARN]: 	at net.minecraft.server.v1_11_R1.PacketPlayInChat.a(PacketPlayInChat.java:45)
[23:34:16] [Server thread/WARN]: 	at net.minecraft.server.v1_11_R1.PacketPlayInChat.a(PacketPlayInChat.java:1)
[23:34:16] [Server thread/WARN]: 	at net.minecraft.server.v1_11_R1.PlayerConnectionUtils$1.run(SourceFile:13)
[23:34:16] [Server thread/WARN]: 	at java.util.concurrent.Executors$RunnableAdapter.call(Unknown Source)
[23:34:16] [Server thread/WARN]: 	at java.util.concurrent.FutureTask.run(Unknown Source)
[23:34:16] [Server thread/WARN]: 	at net.minecraft.server.v1_11_R1.SystemUtils.a(SourceFile:46)
[23:34:16] [Server thread/WARN]: 	at net.minecraft.server.v1_11_R1.MinecraftServer.D(MinecraftServer.java:747)
[23:34:16] [Server thread/WARN]: 	at net.minecraft.server.v1_11_R1.DedicatedServer.D(DedicatedServer.java:399)
[23:34:16] [Server thread/WARN]: 	at net.minecraft.server.v1_11_R1.MinecraftServer.C(MinecraftServer.java:678)
[23:34:16] [Server thread/WARN]: 	at net.minecraft.server.v1_11_R1.MinecraftServer.run(MinecraftServer.java:576)
[23:34:16] [Server thread/WARN]: 	at java.lang.Thread.run(Unknown Source)
[23:42:10] [Server thread/INFO]: Stopping the server
[23:42:10] [Server thread/INFO]: Stopping server
[23:42:10] [Server thread/INFO]: [GlobalRep] Disabling GlobalRep v0.8
[23:42:10] [Server thread/INFO]: Saving players
[23:42:10] [Server thread/INFO]: legit_craft lost connection: Server closed
[23:42:10] [Server thread/INFO]: legit_craft left the game
[23:42:10] [Server thread/INFO]: SmokinDaDank lost connection: Server closed
[23:42:10] [Server thread/INFO]: SmokinDaDank left the game
[23:42:10] [Server thread/INFO]: Saving worlds
[23:42:10] [Server thread/INFO]: Saving chunks for level 'world'/Overworld
[23:42:10] [Server thread/INFO]: Saving chunks for level 'world_nether'/Nether
[23:42:10] [Server thread/INFO]: Saving chunks for level 'world_the_end'/The End
